
> frontend@0.0.0 dev C:\Users\Hype\Documents\localMart\frontend
> vite "--" "--host" "127.0.0.1" "--port" "5173" "--strictPort"

[2m13.15.42[22m [36m[1m[vite][22m[39m [90m[2m(client)[22m[39m Re-optimizing dependencies because vite config has changed

  [32m[1mVITE[22m v8.0.16[39m  [2mready in [0m[1m509[22m[2m[0m ms[22m

  [32m➜[39m  [1mLocal[22m:   [36mhttp://localhost:[1m5173[22m/[39m
[2m  [32m➜[39m  [1mNetwork[22m[2m: use [22m[1m--host[22m[2m to expose[22m
[2m13.21.38[22m [36m[1m[vite][22m[39m [90m[2m(client)[22m[39m [32mhmr update [39m[2m/src/pages/ProductListPage.jsx, /src/index.css[22m
[2m13.21.38[22m [36m[1m[vite][22m[39m [90m[2m(client)[22m[39m [32mhmr update [39m[2m/src/index.css[22m
[2m13.28.26[22m [36m[1m[vite][22m[39m [90m[2m(client)[22m[39m [32mhmr update [39m[2m/src/index.css[22m
[2m13.28.34[22m [36m[1m[vite][22m[39m [90m[2m(client)[22m[39m [32mhmr update [39m[2m/src/index.css[22m
[2m13.43.06[22m [36m[1m[vite][22m[39m [90m[2m(client)[22m[39m [32mhmr update [39m[2m/src/index.css[22m
[2m13.43.11[22m [36m[1m[vite][22m[39m [90m[2m(client)[22m[39m [32mhmr update [39m[2m/src/index.css[22m
[2m13.43.20[22m [36m[1m[vite][22m[39m [90m[2m(client)[22m[39m [32mhmr update [39m[2m/src/pages/ProductListPage.jsx, /src/index.css[22m
[2m13.43.27[22m [36m[1m[vite][22m[39m [90m[2m(client)[22m[39m [32mhmr update [39m[2m/src/pages/ProductListPage.jsx, /src/index.css[22m
[2m17.27.38[22m [36m[1m[vite][22m[39m [90m[2m(client)[22m[39m [32mhmr update [39m[2m/src/pages/WalletPage.jsx, /src/index.css[22m
[2m17.31.55[22m [36m[1m[vite][22m[39m [90m[2m(client)[22m[39m [32mhmr update [39m[2m/src/pages/WalletPage.jsx, /src/index.css[22m
[2m17.39.26[22m [36m[1m[vite][22m[39m [90m[2m(client)[22m[39m [32mhmr update [39m[2m/src/pages/WalletPage.jsx, /src/index.css[22m
[2m17.44.08[22m [36m[1m[vite][22m[39m [90m[2m(client)[22m[39m [32mhmr update [39m[2m/src/pages/CheckoutPage.jsx, /src/index.css[22m
[2m17.50.15[22m [36m[1m[vite][22m[39m [90m[2m(client)[22m[39m [32mhmr update [39m[2m/src/index.css, /src/components/layout/Navbar.jsx, /src/pages/seller/SellerDashboard.jsx, /src/pages/seller/SellerOrders.jsx, /src/components/ui/OrderCard.jsx, /src/pages/CheckoutPage.jsx, /src/pages/MyOrdersPage.jsx, /src/pages/seller/SellerReviews.jsx, /src/pages/seller/SellerChat.jsx, /src/pages/ProductListPage.jsx, /src/pages/WalletPage.jsx, /src/pages/WishlistPage.jsx, /src/pages/ProductDetailPage.jsx, /src/pages/CustomerChatPage.jsx[22m
[2m17.50.42[22m [36m[1m[vite][22m[39m [90m[2m(client)[22m[39m [32mhmr update [39m[2m/src/pages/CheckoutPage.jsx, /src/index.css[22m
[2m17.54.34[22m [36m[1m[vite][22m[39m [90m[2m(client)[22m[39m [32mhmr update [39m[2m/src/index.css, /src/components/layout/Navbar.jsx, /src/pages/seller/SellerDashboard.jsx, /src/pages/seller/SellerOrders.jsx, /src/components/ui/OrderCard.jsx, /src/pages/CheckoutPage.jsx, /src/pages/MyOrdersPage.jsx, /src/pages/seller/SellerReviews.jsx, /src/pages/seller/SellerChat.jsx, /src/pages/ProductListPage.jsx, /src/pages/WalletPage.jsx, /src/pages/WishlistPage.jsx, /src/pages/ProductDetailPage.jsx, /src/pages/CustomerChatPage.jsx[22m
[2m17.54.48[22m [36m[1m[vite][22m[39m [90m[2m(client)[22m[39m [32mhmr update [39m[2m/src/pages/CustomerChatPage.jsx, /src/index.css[22m
[2m17.54.55[22m [36m[1m[vite][22m[39m [90m[2m(client)[22m[39m [32mhmr update [39m[2m/src/pages/ProductDetailPage.jsx, /src/index.css[22m
[2m17.55.03[22m [36m[1m[vite][22m[39m [90m[2m(client)[22m[39m [32mhmr update [39m[2m/src/pages/ProductDetailPage.jsx, /src/index.css[22m
[2m17.55.14[22m [36m[1m[vite][22m[39m [90m[2m(client)[22m[39m [32mhmr update [39m[2m/src/index.css, /src/components/ui/OrderCard.jsx[22m
[2m17.55.27[22m [36m[1m[vite][22m[39m [90m[2m(client)[22m[39m [32mhmr update [39m[2m/src/pages/seller/SellerChat.jsx, /src/index.css[22m
[2m17.55.42[22m [36m[1m[vite][22m[39m [90m[2m(client)[22m[39m [32mhmr update [39m[2m/src/pages/CustomerChatPage.jsx, /src/index.css[22m
[2m17.56.56[22m [36m[1m[vite][22m[39m [90m[2m(client)[22m[39m [32mhmr update [39m[2m/src/pages/ProductDetailPage.jsx, /src/index.css[22m
[2m17.57.03[22m [36m[1m[vite][22m[39m [90m[2m(client)[22m[39m [32mhmr update [39m[2m/src/pages/seller/SellerChat.jsx, /src/index.css[22m
[2m17.59.32[22m [36m[1m[vite][22m[39m [90m[2m(client)[22m[39m [32mhmr update [39m[2m/src/index.css, /src/components/layout/Navbar.jsx[22m
[2m18.00.22[22m [36m[1m[vite][22m[39m [90m[2m(client)[22m[39m [32mhmr update [39m[2m/src/index.css, /src/components/layout/Navbar.jsx[22m
[2m18.00.44[22m [36m[1m[vite][22m[39m [90m[2m(client)[22m[39m [32mhmr update [39m[2m/src/index.css, /src/components/layout/Navbar.jsx[22m
[2m18.01.16[22m [36m[1m[vite][22m[39m [90m[2m(client)[22m[39m [32mhmr update [39m[2m/src/index.css, /src/components/layout/Navbar.jsx[22m
[2m18.20.24[22m [36m[1m[vite][22m[39m [90m[2m(client)[22m[39m [32mhmr update [39m[2m/src/index.css, /src/components/layout/Navbar.jsx, /src/pages/seller/SellerDashboard.jsx, /src/pages/seller/SellerOrders.jsx, /src/components/ui/OrderCard.jsx, /src/pages/CheckoutPage.jsx, /src/pages/MyOrdersPage.jsx, /src/pages/seller/SellerReviews.jsx, /src/pages/seller/SellerChat.jsx, /src/pages/ProductListPage.jsx, /src/pages/WalletPage.jsx, /src/pages/WishlistPage.jsx, /src/pages/ProductDetailPage.jsx, /src/pages/CustomerChatPage.jsx[22m
[2m18.20.34[22m [36m[1m[vite][22m[39m [90m[2m(client)[22m[39m [32mhmr update [39m[2m/src/pages/CheckoutPage.jsx, /src/index.css[22m
[2m18.20.45[22m [36m[1m[vite][22m[39m [90m[2m(client)[22m[39m [32mhmr update [39m[2m/src/pages/CheckoutPage.jsx, /src/index.css[22m
[2m18.21.09[22m [36m[1m[vite][22m[39m [90m[2m(client)[22m[39m [32mhmr update [39m[2m/src/index.css, /src/components/ui/OrderCard.jsx[22m
[2m18.21.43[22m [36m[1m[vite][22m[39m [90m[2m(client)[22m[39m [32mhmr update [39m[2m/src/index.css, /src/components/ui/OrderCard.jsx[22m
[2m18.25.51[22m [36m[1m[vite][22m[39m [90m[2m(client)[22m[39m [32mhmr update [39m[2m/src/pages/WalletPage.jsx, /src/index.css[22m
[2m18.28.49[22m [36m[1m[vite][22m[39m [90m[2m(client)[22m[39m [32mhmr update [39m[2m/src/index.css[22m
[2m18.29.20[22m [36m[1m[vite][22m[39m [90m[2m(client)[22m[39m [32mhmr update [39m[2m/src/index.css[22m
[2m18.31.11[22m [36m[1m[vite][22m[39m [90m[2m(client)[22m[39m [32mhmr update [39m[2m/src/index.css, /src/components/layout/Navbar.jsx[22m
[2m18.34.19[22m [36m[1m[vite][22m[39m [90m[2m(client)[22m[39m [32mhmr update [39m[2m/src/pages/ProfilePage.jsx, /src/index.css[22m
[2m18.36.41[22m [36m[1m[vite][22m[39m [90m[2m(client)[22m[39m [32mhmr update [39m[2m/src/index.css, /src/components/layout/Navbar.jsx[22m
[2m18.40.29[22m [36m[1m[vite][22m[39m [90m[2m(client)[22m[39m [32mhmr update [39m[2m/src/index.css, /src/components/ui/ProductCard.jsx[22m
[2m18.43.22[22m [36m[1m[vite][22m[39m [90m[2m(client)[22m[39m [32mhmr update [39m[2m/src/index.css, /src/components/layout/Navbar.jsx[22m
[2m18.46.26[22m [36m[1m[vite][22m[39m [90m[2m(client)[22m[39m [32mhmr update [39m[2m/src/pages/seller/SellerProducts.jsx, /src/index.css[22m
[2m18.46.38[22m [36m[1m[vite][22m[39m [90m[2m(client)[22m[39m [32mhmr update [39m[2m/src/pages/seller/SellerProducts.jsx, /src/index.css[22m
[2m18.48.05[22m [36m[1m[vite][22m[39m [90m[2m(client)[22m[39m [32mhmr update [39m[2m/src/pages/seller/SellerProducts.jsx, /src/index.css[22m
[2m18.49.03[22m [36m[1m[vite][22m[39m [90m[2m(client)[22m[39m [32mhmr update [39m[2m/src/pages/seller/SellerProducts.jsx, /src/index.css[22m
[2m19.05.59[22m [36m[1m[vite][22m[39m [90m[2m(client)[22m[39m [32mhmr update [39m[2m/src/pages/CheckoutPage.jsx, /src/index.css[22m
[2m19.06.29[22m [36m[1m[vite][22m[39m [90m[2m(client)[22m[39m [32mhmr update [39m[2m/src/pages/CheckoutPage.jsx, /src/index.css[22m
[2m19.07.08[22m [36m[1m[vite][22m[39m [90m[2m(client)[22m[39m [32mhmr update [39m[2m/src/index.css, /src/components/ui/OrderCard.jsx[22m
[2m19.07.18[22m [36m[1m[vite][22m[39m [90m[2m(client)[22m[39m [32mhmr update [39m[2m/src/index.css, /src/components/ui/OrderCard.jsx[22m
[2m19.07.56[22m [36m[1m[vite][22m[39m [90m[2m(client)[22m[39m [32mhmr update [39m[2m/src/index.css, /src/components/ui/OrderCard.jsx[22m
[2m19.08.11[22m [36m[1m[vite][22m[39m [90m[2m(client)[22m[39m [32mhmr update [39m[2m/src/index.css, /src/components/ui/OrderCard.jsx[22m
[2m19.08.21[22m [36m[1m[vite][22m[39m [90m[2m(client)[22m[39m [32mhmr update [39m[2m/src/index.css, /src/components/ui/OrderCard.jsx[22m
[2m19.10.14[22m [36m[1m[vite][22m[39m [90m[2m(client)[22m[39m [32mhmr update [39m[2m/src/index.css, /src/components/ui/OrderCard.jsx[22m
[2m19.10.22[22m [36m[1m[vite][22m[39m [90m[2m(client)[22m[39m [32mhmr update [39m[2m/src/pages/CheckoutPage.jsx, /src/index.css[22m
[2m19.14.51[22m [36m[1m[vite][22m[39m [90m[2m(client)[22m[39m [32mhmr update [39m[2m/src/pages/CheckoutPage.jsx, /src/index.css[22m
[2m19.15.00[22m [36m[1m[vite][22m[39m [90m[2m(client)[22m[39m [32mhmr update [39m[2m/src/index.css, /src/components/ui/OrderCard.jsx[22m
[2m19.20.47[22m [36m[1m[vite][22m[39m [90m[2m(client)[22m[39m [32mhmr update [39m[2m/src/pages/CheckoutPage.jsx, /src/index.css[22m
[2m19.21.02[22m [36m[1m[vite][22m[39m [90m[2m(client)[22m[39m [32mhmr update [39m[2m/src/index.css, /src/components/ui/OrderCard.jsx[22m
[2m19.21.37[22m [36m[1m[vite][22m[39m [90m[2m(client)[22m[39m [32mhmr update [39m[2m/src/index.css, /src/components/ui/OrderCard.jsx[22m
[2m19.22.05[22m [36m[1m[vite][22m[39m [90m[2m(client)[22m[39m [32mhmr update [39m[2m/src/index.css, /src/components/ui/OrderCard.jsx[22m
[2m19.25.25[22m [36m[1m[vite][22m[39m [90m[2m(client)[22m[39m [32mhmr update [39m[2m/src/index.css, /src/contexts/AuthContext.jsx, /src/pages/RegisterPage.jsx, /src/components/layout/Navbar.jsx, /src/pages/ProductListPage.jsx, /src/pages/CartPage.jsx, /src/pages/CheckoutPage.jsx, /src/pages/WishlistPage.jsx, /src/pages/ProductDetailPage.jsx, /src/pages/seller/SellerDashboard.jsx, /src/pages/seller/SellerOrders.jsx, /src/components/ui/OrderCard.jsx, /src/pages/MyOrdersPage.jsx, /src/pages/LandingPage.jsx, /src/pages/seller/SellerProducts.jsx, /src/pages/seller/SellerReviews.jsx[22m
[2m19.25.25[22m [36m[1m[vite][22m[39m [90m[2m(client)[22m[39m [33mhmr invalidate [39m[2m/src/contexts/AuthContext.jsx[22m Could not Fast Refresh ("AuthContext" export is incompatible). Learn more at https://github.com/vitejs/vite-plugin-react/tree/main/packages/plugin-react#consistent-components-exports
[2m19.25.25[22m [36m[1m[vite][22m[39m [90m[2m(client)[22m[39m [32mhmr update [39m[2m/src/App.jsx, /src/components/PrivateRoute.jsx, /src/components/layout/Navbar.jsx, /src/pages/LandingPage.jsx, /src/pages/LoginPage.jsx, /src/pages/seller/SellerOrders.jsx, /src/pages/seller/SellerReviews.jsx, /src/pages/seller/SellerChat.jsx, /src/pages/CheckoutPage.jsx, /src/pages/MyOrdersPage.jsx, /src/pages/WalletPage.jsx, /src/pages/ProductDetailPage.jsx, /src/pages/CustomerChatPage.jsx, /src/pages/ProfilePage.jsx, /src/components/ui/ProductCard.jsx[22m
[2m19.28.47[22m [36m[1m[vite][22m[39m [32m.env changed, restarting server...[39m
[2m19.28.47[22m [36m[1m[vite][22m[39m server restarted.
 ELIFECYCLE  Command failed with exit code 4294967295.
